<?xml version="1.0" encoding="UTF-8"?>
<!-- Generated by org.testng.reporters.JUnitXMLReporter -->
<testsuite ignored="0" hostname="LAPTOP-22R4V3MJ" failures="0" tests="4" name="Default test" time="0.082" errors="0" timestamp="2024-05-22T15:28:22 IST">
  <testcase classname="streams_tutorial.ex2_stream_map" name="regular" time="0.01"/>
  <testcase classname="streams_tutorial.ex2_stream_map" name="regular1" time="0.011"/>
  <testcase classname="streams_tutorial.ex2_stream_map" name="regular3" time="0.008"/>
  <testcase classname="streams_tutorial.ex2_stream_map" name="regular4" time="0.004"/>
</testsuite> <!-- Default test -->
