<?xml version="1.0" encoding="UTF-8"?>
<!-- Generated by org.testng.reporters.JUnitXMLReporter -->
<testsuite ignored="0" hostname="LAPTOP-22R4V3MJ" failures="0" tests="5" name="car loan" time="0.046" errors="0" timestamp="2024-04-30T16:31:07 IST">
  <testcase classname="testng_practice.Ex1_testng_basics3" name="loginAPICarLoan" time="0.004"/>
  <testcase classname="testng_practice.Ex1_testng_basics3" name="mobileLoginCarLoan" time="0.005"/>
  <testcase classname="testng_practice.Ex1_testng_basics3" name="mobileLoginSigninCarLoan" time="0.002"/>
  <testcase classname="testng_practice.Ex1_testng_basics3" name="mobileLoginSignoutCarLoan" time="0.001"/>
  <testcase classname="testng_practice.Ex1_testng_basics3" name="webloginCarLoan" time="0.002"/>
</testsuite> <!-- car loan -->
