<?xml version="1.0" encoding="UTF-8"?>
<!-- Generated by org.testng.reporters.JUnitXMLReporter -->
<testsuite ignored="0" hostname="LAPTOP-22R4V3MJ" failures="0" tests="3" name="home loan" time="0.027" errors="0" timestamp="2024-04-30T16:31:07 IST">
  <testcase classname="testng_practice.Ex1_testng_basics4" name="loginAPIhomeLoan" time="0.001"/>
  <testcase classname="testng_practice.Ex1_testng_basics4" name="mobileLoginHomeLoan" time="0.002"/>
  <testcase classname="testng_practice.Ex1_testng_basics4" name="webloginHomeLoan" time="0.008"/>
</testsuite> <!-- home loan -->
