<?xml version="1.0" encoding="UTF-8"?>
<!-- Generated by org.testng.reporters.JUnitXMLReporter -->
<testsuite ignored="8" hostname="LAPTOP-22R4V3MJ" failures="0" tests="4" name="Regression" time="0.084" errors="0" timestamp="2024-04-30T18:38:46 IST">
  <testcase classname="testng_practice.Ex1_testng_basics" name="demo" time="0.015"/>
  <testcase classname="testng_practice.Ex1_testng_basics2" name="ploan2" time="0.001"/>
  <testcase classname="testng_practice.Ex1_testng_basics3" name="webloginCarLoan" time="0.002"/>
  <testcase classname="testng_practice.Ex1_testng_basics4" name="webloginHomeLoan" time="0.001"/>
  <testcase classname="testng_practice.Ex1_testng_basics3" name="mobileLoginSigninCarLoan" time="0.0">
    <ignored/>
  </testcase> <!-- mobileLoginSigninCarLoan -->
  <testcase classname="testng_practice.Ex1_testng_basics2" name="ploan" time="0.0">
    <ignored/>
  </testcase> <!-- ploan -->
  <testcase classname="testng_practice.Ex1_testng_basics" name="demo2" time="0.0">
    <ignored/>
  </testcase> <!-- demo2 -->
  <testcase classname="testng_practice.Ex1_testng_basics3" name="loginAPICarLoan" time="0.0">
    <ignored/>
  </testcase> <!-- loginAPICarLoan -->
  <testcase classname="testng_practice.Ex1_testng_basics3" name="mobileLoginSignoutCarLoan" time="0.0">
    <ignored/>
  </testcase> <!-- mobileLoginSignoutCarLoan -->
  <testcase classname="testng_practice.Ex1_testng_basics3" name="mobileLoginCarLoan" time="0.0">
    <ignored/>
  </testcase> <!-- mobileLoginCarLoan -->
  <testcase classname="testng_practice.Ex1_testng_basics4" name="loginAPIhomeLoan" time="0.0">
    <ignored/>
  </testcase> <!-- loginAPIhomeLoan -->
  <testcase classname="testng_practice.Ex1_testng_basics4" name="mobileLoginHomeLoan" time="0.0">
    <ignored/>
  </testcase> <!-- mobileLoginHomeLoan -->
</testsuite> <!-- Regression -->
