<?xml version="1.0" encoding="UTF-8"?>
<!-- Generated by org.testng.reporters.JUnitXMLReporter -->
<testsuite ignored="0" hostname="LAPTOP-22R4V3MJ" failures="0" tests="12" name="personal loan" time="0.187" errors="0" timestamp="2024-04-30T14:04:59 IST">
  <testcase classname="testng_practice.Ex1_testng_basics" name="demo" time="0.014"/>
  <testcase classname="testng_practice.Ex1_testng_basics" name="demo2" time="0.001"/>
  <testcase classname="testng_practice.Ex1_testng_basics2" name="ploan" time="0.001"/>
  <testcase classname="testng_practice.Ex1_testng_basics2" name="ploan2" time="0.002"/>
  <testcase classname="testng_practice.Ex1_testng_basics3" name="loginAPICarLoan" time="0.002"/>
  <testcase classname="testng_practice.Ex1_testng_basics3" name="mobileLoginCarLoan" time="0.003"/>
  <testcase classname="testng_practice.Ex1_testng_basics3" name="mobileLoginSigninCarLoan" time="0.008"/>
  <testcase classname="testng_practice.Ex1_testng_basics3" name="mobileLoginSignoutCarLoan" time="0.01"/>
  <testcase classname="testng_practice.Ex1_testng_basics3" name="webloginCarLoan" time="0.007"/>
  <testcase classname="testng_practice.Ex1_testng_basics4" name="loginAPIhomeLoan" time="0.001"/>
  <testcase classname="testng_practice.Ex1_testng_basics4" name="mobileLoginHomeLoan" time="0.004"/>
  <testcase classname="testng_practice.Ex1_testng_basics4" name="webloginHomeLoan" time="0.006"/>
</testsuite> <!-- personal loan -->
