<?xml version="1.0" encoding="UTF-8"?>
<testng-results ignored="0" total="4" passed="4" failed="0" skipped="0">
  <reporter-output>
  </reporter-output>
  <suite started-at="2024-05-22T15:28:22 IST" name="Default suite" finished-at="2024-05-22T15:28:22 IST" duration-ms="82">
    <groups>
    </groups>
    <test started-at="2024-05-22T15:28:22 IST" name="Default test" finished-at="2024-05-22T15:28:22 IST" duration-ms="82">
      <class name="streams_tutorial.ex2_stream_map">
        <test-method signature="regular()[pri:0, instance:streams_tutorial.ex2_stream_map@459e9125]" started-at="2024-05-22T15:28:22 IST" name="regular" finished-at="2024-05-22T15:28:22 IST" duration-ms="10" status="PASS">
          <reporter-output>
          </reporter-output>
        </test-method> <!-- regular -->
        <test-method signature="regular1()[pri:0, instance:streams_tutorial.ex2_stream_map@459e9125]" started-at="2024-05-22T15:28:22 IST" name="regular1" finished-at="2024-05-22T15:28:22 IST" duration-ms="11" status="PASS">
          <reporter-output>
          </reporter-output>
        </test-method> <!-- regular1 -->
        <test-method signature="regular3()[pri:0, instance:streams_tutorial.ex2_stream_map@459e9125]" started-at="2024-05-22T15:28:22 IST" name="regular3" finished-at="2024-05-22T15:28:22 IST" duration-ms="8" status="PASS">
          <reporter-output>
          </reporter-output>
        </test-method> <!-- regular3 -->
        <test-method signature="regular4()[pri:0, instance:streams_tutorial.ex2_stream_map@459e9125]" started-at="2024-05-22T15:28:22 IST" name="regular4" finished-at="2024-05-22T15:28:22 IST" duration-ms="4" status="PASS">
          <reporter-output>
          </reporter-output>
        </test-method> <!-- regular4 -->
      </class> <!-- streams_tutorial.ex2_stream_map -->
    </test> <!-- Default test -->
  </suite> <!-- Default suite -->
</testng-results>
